# JRE version: OpenJDK Runtime Environment Temurin-17.0.5+8 (17.0.5+8) (build 17.0.5+8)
# Java VM: OpenJDK 64-Bit Server VM Temurin-17.0.5+8 (17.0.5+8, mixed mode, tiered, compressed oops, compressed class ptrs, g1 gc, windows-amd64)
GC Precious Log:
 CPUs: 4 total, 4 available
 Memory: 6024M
 Large Page Support: Disabled
 NUMA Support: Disabled
 Compressed Oops: Enabled (32-bit)
 Heap Region Size: 1M
 Heap Min Capacity: 8M
 Heap Initial Capacity: 96M
 Heap Max Capacity: 1508M
 Pre-touch: Disabled
 Parallel Workers: 4
 Concurrent Workers: 1
 Concurrent Refinement Workers: 4
 Periodic GC: Disabled
Heap:
 garbage-first heap   total 46080K, used 28926K [0x00000000a1c00000, 0x0000000100000000)
  region size 1024K, 6 young (6144K), 1 survivors (1024K)
 Metaspace       used 64287K, committed 64704K, reserved 1105920K
  class space    used 8537K, committed 8704K, reserved 1048576K
GC Heap History (20 events):
Event: 9.429 GC heap before
{Heap before GC invocations=11 (full 0):
 garbage-first heap   total 37888K, used 25628K [0x00000000a1c00000, 0x0000000100000000)
  region size 1024K, 13 young (13312K), 2 survivors (2048K)
 Metaspace       used 35805K, committed 36160K, reserved 1081344K
  class space    used 4402K, committed 4608K, reserved 1048576K
}
Event: 9.436 GC heap after
{Heap after GC invocations=12 (full 0):
 garbage-first heap   total 37888K, used 16725K [0x00000000a1c00000, 0x0000000100000000)
  region size 1024K, 2 young (2048K), 2 survivors (2048K)
 Metaspace       used 35805K, committed 36160K, reserved 1081344K
  class space    used 4402K, committed 4608K, reserved 1048576K
}
Event: 11.341 GC heap before
{Heap before GC invocations=13 (full 0):
 garbage-first heap   total 37888K, used 27989K [0x00000000a1c00000, 0x0000000100000000)
  region size 1024K, 13 young (13312K), 2 survivors (2048K)
 Metaspace       used 36980K, committed 37376K, reserved 1089536K
  class space    used 4569K, committed 4736K, reserved 1048576K
}
Event: 11.352 GC heap after
{Heap after GC invocations=14 (full 0):
 garbage-first heap   total 37888K, used 17637K [0x00000000a1c00000, 0x0000000100000000)
  region size 1024K, 1 young (1024K), 1 survivors (1024K)
 Metaspace       used 36980K, committed 37376K, reserved 1089536K
  class space    used 4569K, committed 4736K, reserved 1048576K
}
Event: 12.643 GC heap before
{Heap before GC invocations=14 (full 0):
 garbage-first heap   total 37888K, used 27877K [0x00000000a1c00000, 0x0000000100000000)
  region size 1024K, 12 young (12288K), 1 survivors (1024K)
 Metaspace       used 39943K, committed 40448K, reserved 1089536K
  class space    used 4999K, committed 5248K, reserved 1048576K
}
Event: 12.649 GC heap after
{Heap after GC invocations=15 (full 0):
 garbage-first heap   total 37888K, used 18148K [0x00000000a1c00000, 0x0000000100000000)
  region size 1024K, 2 young (2048K), 2 survivors (2048K)
 Metaspace       used 39943K, committed 40448K, reserved 1089536K
  class space    used 4999K, committed 5248K, reserved 1048576K
}
Event: 13.198 GC heap before
{Heap before GC invocations=16 (full 0):
 garbage-first heap   total 37888K, used 28388K [0x00000000a1c00000, 0x0000000100000000)
  region size 1024K, 12 young (12288K), 2 survivors (2048K)
 Metaspace       used 42634K, committed 43072K, reserved 1089536K
  class space    used 5432K, committed 5632K, reserved 1048576K
}
Event: 13.204 GC heap after
{Heap after GC invocations=17 (full 0):
 garbage-first heap   total 37888K, used 18699K [0x00000000a1c00000, 0x0000000100000000)
  region size 1024K, 2 young (2048K), 2 survivors (2048K)
 Metaspace       used 42634K, committed 43072K, reserved 1089536K
  class space    used 5432K, committed 5632K, reserved 1048576K
}
Event: 13.925 GC heap before
{Heap before GC invocations=17 (full 0):
 garbage-first heap   total 37888K, used 27915K [0x00000000a1c00000, 0x0000000100000000)
  region size 1024K, 12 young (12288K), 2 survivors (2048K)
 Metaspace       used 47822K, committed 48320K, reserved 1097728K
  class space    used 6067K, committed 6336K, reserved 1048576K
}
Event: 13.932 GC heap after
{Heap after GC invocations=18 (full 0):
 garbage-first heap   total 46080K, used 20205K [0x00000000a1c00000, 0x0000000100000000)
  region size 1024K, 2 young (2048K), 2 survivors (2048K)
 Metaspace       used 47822K, committed 48320K, reserved 1097728K
  class space    used 6067K, committed 6336K, reserved 1048576K
}
Event: 15.465 GC heap before
{Heap before GC invocations=19 (full 0):
 garbage-first heap   total 46080K, used 35565K [0x00000000a1c00000, 0x0000000100000000)
  region size 1024K, 17 young (17408K), 2 survivors (2048K)
 Metaspace       used 51946K, committed 52416K, reserved 1097728K
  class space    used 6608K, committed 6848K, reserved 1048576K
}
Event: 15.472 GC heap after
{Heap after GC invocations=20 (full 0):
 garbage-first heap   total 46080K, used 21343K [0x00000000a1c00000, 0x0000000100000000)
  region size 1024K, 3 young (3072K), 3 survivors (3072K)
 Metaspace       used 51946K, committed 52416K, reserved 1097728K
  class space    used 6608K, committed 6848K, reserved 1048576K
}
Event: 16.095 GC heap before
{Heap before GC invocations=20 (full 0):
 garbage-first heap   total 46080K, used 34655K [0x00000000a1c00000, 0x0000000100000000)
  region size 1024K, 16 young (16384K), 3 survivors (3072K)
 Metaspace       used 56433K, committed 56896K, reserved 1105920K
  class space    used 7272K, committed 7488K, reserved 1048576K
}
Event: 16.104 GC heap after
{Heap after GC invocations=21 (full 0):
 garbage-first heap   total 46080K, used 22201K [0x00000000a1c00000, 0x0000000100000000)
  region size 1024K, 1 young (1024K), 1 survivors (1024K)
 Metaspace       used 56433K, committed 56896K, reserved 1105920K
  class space    used 7272K, committed 7488K, reserved 1048576K
}
Event: 16.902 GC heap before
{Heap before GC invocations=21 (full 0):
 garbage-first heap   total 46080K, used 36537K [0x00000000a1c00000, 0x0000000100000000)
  region size 1024K, 15 young (15360K), 1 survivors (1024K)
 Metaspace       used 60133K, committed 60608K, reserved 1105920K
  class space    used 7922K, committed 8128K, reserved 1048576K
}
Event: 16.906 GC heap after
{Heap after GC invocations=22 (full 0):
 garbage-first heap   total 46080K, used 22720K [0x00000000a1c00000, 0x0000000100000000)
  region size 1024K, 2 young (2048K), 2 survivors (2048K)
 Metaspace       used 60133K, committed 60608K, reserved 1105920K
  class space    used 7922K, committed 8128K, reserved 1048576K
}
Event: 18.307 GC heap before
{Heap before GC invocations=23 (full 0):
 garbage-first heap   total 46080K, used 35008K [0x00000000a1c00000, 0x0000000100000000)
  region size 1024K, 15 young (15360K), 2 survivors (2048K)
 Metaspace       used 62790K, committed 63232K, reserved 1105920K
  class space    used 8294K, committed 8512K, reserved 1048576K
}
Event: 18.316 GC heap after
{Heap after GC invocations=24 (full 0):
 garbage-first heap   total 46080K, used 23861K [0x00000000a1c00000, 0x0000000100000000)
  region size 1024K, 2 young (2048K), 2 survivors (2048K)
 Metaspace       used 62790K, committed 63232K, reserved 1105920K
  class space    used 8294K, committed 8512K, reserved 1048576K
}
Event: 19.551 GC heap before
{Heap before GC invocations=24 (full 0):
 garbage-first heap   total 46080K, used 36149K [0x00000000a1c00000, 0x0000000100000000)
  region size 1024K, 14 young (14336K), 2 survivors (2048K)
 Metaspace       used 63965K, committed 64448K, reserved 1105920K
  class space    used 8482K, committed 8704K, reserved 1048576K
}
Event: 19.560 GC heap after
{Heap after GC invocations=25 (full 0):
 garbage-first heap   total 46080K, used 24830K [0x00000000a1c00000, 0x0000000100000000)
  region size 1024K, 1 young (1024K), 1 survivors (1024K)
 Metaspace       used 63965K, committed 64448K, reserved 1105920K
  class space    used 8482K, committed 8704K, reserved 1048576K
}

